2016-11-06 20:41:38.300  INFO 28186 --- [main] com.vijayrc.tools.dash.DashApp           : Starting DashApp on vijayrc with PID 28186 (/home/vijayrc/Projs/VRC5/dash/target/dash-1.0-SNAPSHOT.jar started by vijayrc in /home/vijayrc/Projs/VRC5/dash)
2016-11-06 20:41:38.304 DEBUG 28186 --- [main] o.s.boot.SpringApplication               : Loading source class com.vijayrc.tools.dash.DashApp
2016-11-06 20:41:38.364 DEBUG 28186 --- [main] o.s.b.c.c.ConfigFileApplicationListener  : Skipped config file 'file:./config/application.xml' resource not found
2016-11-06 20:41:38.365 DEBUG 28186 --- [main] o.s.b.c.c.ConfigFileApplicationListener  : Skipped config file 'file:./config/application.yml' resource not found
2016-11-06 20:41:38.365 DEBUG 28186 --- [main] o.s.b.c.c.ConfigFileApplicationListener  : Skipped config file 'file:./config/application.properties' resource not found
2016-11-06 20:41:38.365 DEBUG 28186 --- [main] o.s.b.c.c.ConfigFileApplicationListener  : Skipped config file 'file:./config/application.yaml' resource not found
2016-11-06 20:41:38.365 DEBUG 28186 --- [main] o.s.b.c.c.ConfigFileApplicationListener  : Skipped config file 'file:./application.xml' resource not found
2016-11-06 20:41:38.365 DEBUG 28186 --- [main] o.s.b.c.c.ConfigFileApplicationListener  : Skipped config file 'file:./application.yml' resource not found
2016-11-06 20:41:38.365 DEBUG 28186 --- [main] o.s.b.c.c.ConfigFileApplicationListener  : Skipped config file 'file:./application.properties' resource not found
2016-11-06 20:41:38.365 DEBUG 28186 --- [main] o.s.b.c.c.ConfigFileApplicationListener  : Skipped config file 'file:./application.yaml' resource not found
2016-11-06 20:41:38.366 DEBUG 28186 --- [main] o.s.b.c.c.ConfigFileApplicationListener  : Skipped config file 'classpath:/config/application.xml' resource not found
2016-11-06 20:41:38.366 DEBUG 28186 --- [main] o.s.b.c.c.ConfigFileApplicationListener  : Skipped config file 'classpath:/config/application.yml' resource not found
2016-11-06 20:41:38.366 DEBUG 28186 --- [main] o.s.b.c.c.ConfigFileApplicationListener  : Skipped config file 'classpath:/config/application.properties' resource not found
2016-11-06 20:41:38.366 DEBUG 28186 --- [main] o.s.b.c.c.ConfigFileApplicationListener  : Skipped config file 'classpath:/config/application.yaml' resource not found
2016-11-06 20:41:38.366 DEBUG 28186 --- [main] o.s.b.c.c.ConfigFileApplicationListener  : Skipped config file 'classpath:/application.xml' resource not found
2016-11-06 20:41:38.366 DEBUG 28186 --- [main] o.s.b.c.c.ConfigFileApplicationListener  : Skipped config file 'classpath:/application.yml' resource not found
2016-11-06 20:41:38.366 DEBUG 28186 --- [main] o.s.b.c.c.ConfigFileApplicationListener  : Loaded config file 'classpath:/application.properties' 
2016-11-06 20:41:38.367 DEBUG 28186 --- [main] o.s.b.c.c.ConfigFileApplicationListener  : Skipped config file 'classpath:/application.yaml' resource not found
2016-11-06 20:41:38.370  INFO 28186 --- [main] ationConfigEmbeddedWebApplicationContext : Refreshing org.springframework.boot.context.embedded.AnnotationConfigEmbeddedWebApplicationContext@65d54839: startup date [Sun Nov 06 20:41:38 EST 2016]; root of context hierarchy
2016-11-06 20:41:38.374 DEBUG 28186 --- [main] ationConfigEmbeddedWebApplicationContext : Bean factory for org.springframework.boot.context.embedded.AnnotationConfigEmbeddedWebApplicationContext@65d54839: org.springframework.beans.factory.support.DefaultListableBeanFactory@18cbd21b: defining beans [org.springframework.context.annotation.internalConfigurationAnnotationProcessor,org.springframework.context.annotation.internalAutowiredAnnotationProcessor,org.springframework.context.annotation.internalRequiredAnnotationProcessor,org.springframework.context.annotation.internalCommonAnnotationProcessor,dashApp]; root of factory hierarchy
2016-11-06 20:41:40.692 DEBUG 28186 --- [main] ationConfigEmbeddedWebApplicationContext : Unable to locate MessageSource with name 'messageSource': using default [org.springframework.context.support.DelegatingMessageSource@a1c23dd]
2016-11-06 20:41:40.692 DEBUG 28186 --- [main] ationConfigEmbeddedWebApplicationContext : Using ApplicationEventMulticaster [org.springframework.context.event.SimpleApplicationEventMulticaster@4216652b]
2016-11-06 20:41:41.114 DEBUG 28186 --- [main] .t.TomcatEmbeddedServletContainerFactory : Code archive: /home/vijayrc/Projs/VRC5/dash/target/dash-1.0-SNAPSHOT.jar
2016-11-06 20:41:41.115 DEBUG 28186 --- [main] .t.TomcatEmbeddedServletContainerFactory : Code archive: /home/vijayrc/Projs/VRC5/dash/target/dash-1.0-SNAPSHOT.jar
2016-11-06 20:41:41.116 DEBUG 28186 --- [main] .t.TomcatEmbeddedServletContainerFactory : None of the document roots [src/main/webapp, public, static] point to a directory and will be ignored.
2016-11-06 20:41:41.183  INFO 28186 --- [main] s.b.c.e.t.TomcatEmbeddedServletContainer : Tomcat initialized with port(s): 9195 (http)
2016-11-06 20:41:41.477  INFO 28186 --- [main] o.apache.catalina.core.StandardService   : Starting service Tomcat
2016-11-06 20:41:41.478  INFO 28186 --- [main] org.apache.catalina.core.StandardEngine  : Starting Servlet Engine: Apache Tomcat/8.0.20
2016-11-06 20:41:41.658  INFO 28186 --- [localhost-startStop-1] o.a.c.c.C.[Tomcat].[localhost].[/dash]   : Initializing Spring embedded WebApplicationContext
2016-11-06 20:41:41.981 DEBUG 28186 --- [localhost-startStop-1] o.s.b.c.e.ServletContextInitializerBeans : Added existing Servlet initializer bean 'dispatcherServletRegistration'; order=2147483647, resource=class path resource [org/springframework/boot/autoconfigure/web/DispatcherServletAutoConfiguration$DispatcherServletConfiguration.class]
2016-11-06 20:41:42.068 DEBUG 28186 --- [localhost-startStop-1] o.s.b.c.e.ServletContextInitializerBeans : Created Filter initializer for bean 'characterEncodingFilter'; order=-2147483648, resource=class path resource [org/springframework/boot/autoconfigure/web/HttpEncodingAutoConfiguration.class]
2016-11-06 20:41:42.068 DEBUG 28186 --- [localhost-startStop-1] o.s.b.c.e.ServletContextInitializerBeans : Created Filter initializer for bean 'hiddenHttpMethodFilter'; order=2147483647, resource=class path resource [org/springframework/boot/autoconfigure/web/WebMvcAutoConfiguration.class]
2016-11-06 20:41:42.774 DEBUG 28186 --- [localhost-startStop-1] o.s.b.c.e.ServletContextInitializerBeans : Created EventListener initializer for bean 'requestContextListener'; order=2147483647, resource=class path resource [org/springframework/boot/autoconfigure/web/WebMvcAutoConfiguration$WebMvcAutoConfigurationAdapter.class]
2016-11-06 20:41:42.776  INFO 28186 --- [localhost-startStop-1] o.s.b.c.e.ServletRegistrationBean        : Mapping servlet: 'dispatcherServlet' to [/]
2016-11-06 20:41:42.781  INFO 28186 --- [localhost-startStop-1] o.s.b.c.embedded.FilterRegistrationBean  : Mapping filter: 'characterEncodingFilter' to: [/*]
2016-11-06 20:41:42.783  INFO 28186 --- [localhost-startStop-1] o.s.b.c.embedded.FilterRegistrationBean  : Mapping filter: 'hiddenHttpMethodFilter' to: [/*]
2016-11-06 20:41:42.879 DEBUG 28186 --- [localhost-startStop-1] o.s.b.c.w.OrderedCharacterEncodingFilter : Initializing filter 'characterEncodingFilter'
2016-11-06 20:41:42.880 DEBUG 28186 --- [localhost-startStop-1] o.s.b.c.w.OrderedCharacterEncodingFilter : Filter 'characterEncodingFilter' configured successfully
2016-11-06 20:41:44.070 DEBUG 28186 --- [main] ationConfigEmbeddedWebApplicationContext : Unable to locate LifecycleProcessor with name 'lifecycleProcessor': using default [org.springframework.context.support.DefaultLifecycleProcessor@6b768871]
2016-11-06 20:41:44.076 DEBUG 28186 --- [main] utoConfigurationReportLoggingInitializer : 


=========================
AUTO-CONFIGURATION REPORT
=========================


Positive matches:
-----------------

   DispatcherServletAutoConfiguration
      - @ConditionalOnClass classes found: org.springframework.web.servlet.DispatcherServlet (OnClassCondition)
      - found web application StandardServletEnvironment (OnWebApplicationCondition)

   DispatcherServletAutoConfiguration.DispatcherServletConfiguration
      - @ConditionalOnClass classes found: javax.servlet.ServletRegistration (OnClassCondition)
      - no ServletRegistrationBean found (DispatcherServletAutoConfiguration.DefaultDispatcherServletCondition)

   EmbeddedServletContainerAutoConfiguration
      - found web application StandardServletEnvironment (OnWebApplicationCondition)

   EmbeddedServletContainerAutoConfiguration.EmbeddedTomcat
      - @ConditionalOnClass classes found: javax.servlet.Servlet,org.apache.catalina.startup.Tomcat (OnClassCondition)
      - @ConditionalOnMissingBean (types: org.springframework.boot.context.embedded.EmbeddedServletContainerFactory; SearchStrategy: current) found no beans (OnBeanCondition)

   ErrorMvcAutoConfiguration
      - @ConditionalOnClass classes found: javax.servlet.Servlet,org.springframework.web.servlet.DispatcherServlet (OnClassCondition)
      - found web application StandardServletEnvironment (OnWebApplicationCondition)

   ErrorMvcAutoConfiguration#basicErrorController
      - @ConditionalOnMissingBean (types: org.springframework.boot.autoconfigure.web.ErrorController; SearchStrategy: current) found no beans (OnBeanCondition)

   ErrorMvcAutoConfiguration#errorAttributes
      - @ConditionalOnMissingBean (types: org.springframework.boot.autoconfigure.web.ErrorAttributes; SearchStrategy: current) found no beans (OnBeanCondition)

   HandlebarsAutoConfiguration
      - found web application StandardServletEnvironment (OnWebApplicationCondition)

   HandlebarsAutoConfiguration.HandlebarsCacheConfiguration#templateCache
      - @ConditionalOnMissingBean (types: com.github.jknack.handlebars.cache.TemplateCache; SearchStrategy: all) found no beans (OnBeanCondition)

   HandlebarsHelpersAutoConfiguration
      - @ConditionalOnClass classes found: com.github.jknack.handlebars.springmvc.HandlebarsViewResolver (OnClassCondition)
      - found web application StandardServletEnvironment (OnWebApplicationCondition)

   HandlebarsHelpersAutoConfiguration.AssignHelperAutoConfiguration
      - @ConditionalOnClass classes found: com.github.jknack.handlebars.helper.AssignHelper (OnClassCondition)

   HandlebarsHelpersAutoConfiguration.IncludeHelperAutoConfiguration
      - @ConditionalOnClass classes found: com.github.jknack.handlebars.helper.IncludeHelper (OnClassCondition)

   HandlebarsHelpersAutoConfiguration.NumberHelpersAutoConfiguration
      - @ConditionalOnClass classes found: com.github.jknack.handlebars.helper.NumberHelper (OnClassCondition)

   HandlebarsHelpersAutoConfiguration.StringHelpersAutoConfiguration
      - @ConditionalOnClass classes found: com.github.jknack.handlebars.helper.StringHelpers (OnClassCondition)

   HttpEncodingAutoConfiguration
      - @ConditionalOnClass classes found: org.springframework.web.filter.CharacterEncodingFilter (OnClassCondition)
      - matched (OnPropertyCondition)

   HttpEncodingAutoConfiguration#characterEncodingFilter
      - @ConditionalOnMissingBean (types: org.springframework.web.filter.CharacterEncodingFilter; SearchStrategy: all) found no beans (OnBeanCondition)

   HttpMessageConvertersAutoConfiguration
      - @ConditionalOnClass classes found: org.springframework.http.converter.HttpMessageConverter (OnClassCondition)

   HttpMessageConvertersAutoConfiguration#messageConverters
      - @ConditionalOnMissingBean (types: org.springframework.boot.autoconfigure.web.HttpMessageConverters; SearchStrategy: all) found no beans (OnBeanCondition)

   HttpMessageConvertersAutoConfiguration.StringHttpMessageConverterConfiguration
      - @ConditionalOnClass classes found: org.springframework.http.converter.StringHttpMessageConverter (OnClassCondition)

   HttpMessageConvertersAutoConfiguration.StringHttpMessageConverterConfiguration#stringHttpMessageConverter
      - @ConditionalOnMissingBean (types: org.springframework.http.converter.StringHttpMessageConverter; SearchStrategy: all) found no beans (OnBeanCondition)

   JacksonAutoConfiguration
      - @ConditionalOnClass classes found: com.fasterxml.jackson.databind.ObjectMapper (OnClassCondition)

   JacksonAutoConfiguration.JacksonObjectMapperBuilderConfiguration
      - @ConditionalOnClass classes found: com.fasterxml.jackson.databind.ObjectMapper,org.springframework.http.converter.json.Jackson2ObjectMapperBuilder (OnClassCondition)

   JacksonAutoConfiguration.JacksonObjectMapperBuilderConfiguration#jacksonObjectMapperBuilder
      - @ConditionalOnMissingBean (types: org.springframework.http.converter.json.Jackson2ObjectMapperBuilder; SearchStrategy: all) found no beans (OnBeanCondition)

   JacksonAutoConfiguration.JacksonObjectMapperConfiguration
      - @ConditionalOnClass classes found: com.fasterxml.jackson.databind.ObjectMapper,org.springframework.http.converter.json.Jackson2ObjectMapperBuilder (OnClassCondition)

   JacksonAutoConfiguration.JacksonObjectMapperConfiguration#jacksonObjectMapper
      - @ConditionalOnMissingBean (types: com.fasterxml.jackson.databind.ObjectMapper; SearchStrategy: all) found no beans (OnBeanCondition)

   JacksonHttpMessageConvertersConfiguration.MappingJackson2HttpMessageConverterConfiguration
      - @ConditionalOnClass classes found: com.fasterxml.jackson.databind.ObjectMapper (OnClassCondition)
      - matched (OnPropertyCondition)
      - @ConditionalOnBean (types: com.fasterxml.jackson.databind.ObjectMapper; SearchStrategy: all) found the following [jacksonObjectMapper] (OnBeanCondition)

   JacksonHttpMessageConvertersConfiguration.MappingJackson2HttpMessageConverterConfiguration#mappingJackson2HttpMessageConverter
      - @ConditionalOnMissingBean (types: org.springframework.http.converter.json.MappingJackson2HttpMessageConverter; SearchStrategy: all) found no beans (OnBeanCondition)

   JmxAutoConfiguration
      - @ConditionalOnClass classes found: org.springframework.jmx.export.MBeanExporter (OnClassCondition)
      - matched (OnPropertyCondition)

   JmxAutoConfiguration#mbeanExporter
      - @ConditionalOnMissingBean (types: org.springframework.jmx.export.MBeanExporter; SearchStrategy: current) found no beans (OnBeanCondition)

   JmxAutoConfiguration#mbeanServer
      - @ConditionalOnMissingBean (types: javax.management.MBeanServer; SearchStrategy: all) found no beans (OnBeanCondition)

   JmxAutoConfiguration#objectNamingStrategy
      - @ConditionalOnMissingBean (types: org.springframework.jmx.export.naming.ObjectNamingStrategy; SearchStrategy: current) found no beans (OnBeanCondition)

   MultipartAutoConfiguration
      - @ConditionalOnClass classes found: javax.servlet.Servlet,org.springframework.web.multipart.support.StandardServletMultipartResolver,javax.servlet.MultipartConfigElement (OnClassCondition)
      - matched (OnPropertyCondition)

   MultipartAutoConfiguration#multipartConfigElement
      - @ConditionalOnMissingBean (types: javax.servlet.MultipartConfigElement; SearchStrategy: all) found no beans (OnBeanCondition)

   MultipartAutoConfiguration#multipartResolver
      - @ConditionalOnMissingBean (types: org.springframework.web.multipart.MultipartResolver; SearchStrategy: all) found no beans (OnBeanCondition)

   PropertyPlaceholderAutoConfiguration#propertySourcesPlaceholderConfigurer
      - @ConditionalOnMissingBean (types: org.springframework.context.support.PropertySourcesPlaceholderConfigurer; SearchStrategy: current) found no beans (OnBeanCondition)

   ServerPropertiesAutoConfiguration
      - found web application StandardServletEnvironment (OnWebApplicationCondition)

   ServerPropertiesAutoConfiguration#serverProperties
      - @ConditionalOnMissingBean (types: org.springframework.boot.autoconfigure.web.ServerProperties; SearchStrategy: current) found no beans (OnBeanCondition)

   WebMvcAutoConfiguration
      - @ConditionalOnClass classes found: javax.servlet.Servlet,org.springframework.web.servlet.DispatcherServlet,org.springframework.web.servlet.config.annotation.WebMvcConfigurerAdapter (OnClassCondition)
      - found web application StandardServletEnvironment (OnWebApplicationCondition)
      - @ConditionalOnMissingBean (types: org.springframework.web.servlet.config.annotation.WebMvcConfigurationSupport; SearchStrategy: all) found no beans (OnBeanCondition)

   WebMvcAutoConfiguration#hiddenHttpMethodFilter
      - @ConditionalOnMissingBean (types: org.springframework.web.filter.HiddenHttpMethodFilter; SearchStrategy: all) found no beans (OnBeanCondition)

   WebMvcAutoConfiguration.WebMvcAutoConfigurationAdapter#defaultViewResolver
      - @ConditionalOnMissingBean (types: org.springframework.web.servlet.view.InternalResourceViewResolver; SearchStrategy: all) found no beans (OnBeanCondition)

   WebMvcAutoConfiguration.WebMvcAutoConfigurationAdapter#requestContextListener
      - @ConditionalOnMissingBean (types: org.springframework.web.context.request.RequestContextListener; SearchStrategy: all) found no beans (OnBeanCondition)

   WebMvcAutoConfiguration.WebMvcAutoConfigurationAdapter#viewResolver
      - @ConditionalOnBean (types: org.springframework.web.servlet.ViewResolver; SearchStrategy: all) found the following [defaultViewResolver, mvcViewResolver] @ConditionalOnMissingBean (names: viewResolver; types: org.springframework.web.servlet.view.ContentNegotiatingViewResolver; SearchStrategy: all) found no beans (OnBeanCondition)

   WebMvcAutoConfiguration.WebMvcAutoConfigurationAdapter.FaviconConfiguration
      - matched (OnPropertyCondition)

   WebSocketAutoConfiguration
      - @ConditionalOnClass classes found: javax.servlet.Servlet,javax.websocket.server.ServerContainer (OnClassCondition)

   WebSocketAutoConfiguration.TomcatWebSocketConfiguration
      - @ConditionalOnClass classes found: org.apache.catalina.startup.Tomcat,org.apache.tomcat.websocket.server.WsSci (OnClassCondition)

   WebSocketAutoConfiguration.TomcatWebSocketConfiguration#websocketContainerCustomizer
      - @ConditionalOnMissingBean (names: websocketContainerCustomizer; SearchStrategy: all) found no beans (OnBeanCondition)


Negative matches:
-----------------

   ActiveMQAutoConfiguration
      - required @ConditionalOnClass classes not found: javax.jms.ConnectionFactory,org.apache.activemq.ActiveMQConnectionFactory (OnClassCondition)

   AopAutoConfiguration
      - required @ConditionalOnClass classes not found: org.aspectj.lang.annotation.Aspect,org.aspectj.lang.reflect.Advice (OnClassCondition)

   BatchAutoConfiguration
      - required @ConditionalOnClass classes not found: org.springframework.batch.core.launch.JobLauncher,org.springframework.jdbc.core.JdbcOperations (OnClassCondition)

   CloudAutoConfiguration
      - required @ConditionalOnClass classes not found: org.springframework.cloud.config.java.CloudScanConfiguration (OnClassCondition)

   DataSourceAutoConfiguration
      - required @ConditionalOnClass classes not found: org.springframework.jdbc.datasource.embedded.EmbeddedDatabaseType (OnClassCondition)

   DataSourceTransactionManagerAutoConfiguration
      - required @ConditionalOnClass classes not found: org.springframework.jdbc.core.JdbcTemplate,org.springframework.transaction.PlatformTransactionManager (OnClassCondition)

   DeviceDelegatingViewResolverAutoConfiguration
      - required @ConditionalOnClass classes not found: org.springframework.mobile.device.view.LiteDeviceDelegatingViewResolver (OnClassCondition)

   DeviceResolverAutoConfiguration
      - required @ConditionalOnClass classes not found: org.springframework.mobile.device.DeviceResolverHandlerInterceptor,org.springframework.mobile.device.DeviceHandlerMethodArgumentResolver (OnClassCondition)

   DispatcherServletAutoConfiguration.DispatcherServletConfiguration#multipartResolver
      - @ConditionalOnBean (types: org.springframework.web.multipart.MultipartResolver; SearchStrategy: all) found no beans (OnBeanCondition)

   ElasticsearchAutoConfiguration
      - required @ConditionalOnClass classes not found: org.elasticsearch.client.Client,org.springframework.data.elasticsearch.client.TransportClientFactoryBean,org.springframework.data.elasticsearch.client.NodeClientFactoryBean (OnClassCondition)

   ElasticsearchDataAutoConfiguration
      - required @ConditionalOnClass classes not found: org.elasticsearch.client.Client,org.springframework.data.elasticsearch.core.ElasticsearchTemplate (OnClassCondition)

   ElasticsearchRepositoriesAutoConfiguration
      - required @ConditionalOnClass classes not found: org.elasticsearch.client.Client,org.springframework.data.elasticsearch.repository.ElasticsearchRepository (OnClassCondition)

   EmbeddedServletContainerAutoConfiguration.EmbeddedJetty
      - required @ConditionalOnClass classes not found: org.eclipse.jetty.server.Server,org.eclipse.jetty.util.Loader (OnClassCondition)

   EmbeddedServletContainerAutoConfiguration.EmbeddedUndertow
      - required @ConditionalOnClass classes not found: io.undertow.Undertow,org.xnio.SslClientAuthMode (OnClassCondition)

   ErrorMvcAutoConfiguration.WhitelabelErrorViewConfiguration
      - Template from pl.allegro.tech.boot.autoconfigure.handlebars.HandlebarsTemplateAvailabilityProvider@4c56f123 found for error view (ErrorMvcAutoConfiguration.ErrorTemplateMissingCondition)

   FacebookAutoConfiguration
      - required @ConditionalOnClass classes not found: org.springframework.social.config.annotation.SocialConfigurerAdapter,org.springframework.social.facebook.connect.FacebookConnectionFactory (OnClassCondition)

   FallbackWebSecurityAutoConfiguration
      - required @ConditionalOnClass classes not found: org.springframework.security.config.annotation.web.configuration.EnableWebSecurity (OnClassCondition)

   FlywayAutoConfiguration
      - required @ConditionalOnClass classes not found: org.flywaydb.core.Flyway (OnClassCondition)

   FreeMarkerAutoConfiguration
      - required @ConditionalOnClass classes not found: freemarker.template.Configuration,org.springframework.ui.freemarker.FreeMarkerConfigurationFactory (OnClassCondition)

   GroovyTemplateAutoConfiguration
      - required @ConditionalOnClass classes not found: groovy.text.markup.MarkupTemplateEngine (OnClassCondition)

   GsonAutoConfiguration
      - required @ConditionalOnClass classes not found: com.google.gson.Gson (OnClassCondition)

   GsonHttpMessageConvertersConfiguration.GsonHttpMessageConverterConfiguration
      - required @ConditionalOnClass classes not found: com.google.gson.Gson (OnClassCondition)

   GzipFilterAutoConfiguration
      - required @ConditionalOnClass classes not found: org.eclipse.jetty.servlets.GzipFilter (OnClassCondition)

   HandlebarsAutoConfiguration.HandlebarsTemplateLoaderConfiguration
      - @ConditionalOnBean (types: com.github.jknack.handlebars.io.TemplateLoader; SearchStrategy: all) found no beans (OnBeanCondition)

   HandlebarsAutoConfiguration.PrettyPrintConfiguration
      - @ConditionalOnProperty missing required properties handlebars.prettyPrint  (OnPropertyCondition)

   HandlebarsHelpersAutoConfiguration.HumanizeHelpersAutoConfiguration
      - required @ConditionalOnClass classes not found: com.github.jknack.handlebars.HumanizeHelper (OnClassCondition)

   HandlebarsHelpersAutoConfiguration.JodaHelpersAutoConfiguration
      - required @ConditionalOnClass classes not found: org.joda.time.format.DateTimeFormat (OnClassCondition)

   HandlebarsHelpersAutoConfiguration.JsonHelperAutoConfiguration
      - required @ConditionalOnClass classes not found: com.github.jknack.handlebars.Jackson2Helper (OnClassCondition)

   HandlebarsHelpersAutoConfiguration.MarkdownHelperAutoConfiguration
      - required @ConditionalOnClass classes not found: com.github.jknack.handlebars.MarkdownHelper (OnClassCondition)

   HibernateJpaAutoConfiguration
      - required @ConditionalOnClass classes not found: org.springframework.orm.jpa.LocalContainerEntityManagerFactoryBean,org.springframework.transaction.annotation.EnableTransactionManagement,javax.persistence.EntityManager (OnClassCondition)

   HornetQAutoConfiguration
      - required @ConditionalOnClass classes not found: javax.jms.ConnectionFactory,org.hornetq.api.jms.HornetQJMSClient (OnClassCondition)

   HypermediaAutoConfiguration
      - required @ConditionalOnClass classes not found: org.springframework.hateoas.Resource,org.springframework.plugin.core.Plugin (OnClassCondition)

   IntegrationAutoConfiguration
      - required @ConditionalOnClass classes not found: org.springframework.integration.config.EnableIntegration (OnClassCondition)

   JacksonAutoConfiguration.JodaDateTimeJacksonConfiguration
      - required @ConditionalOnClass classes not found: org.joda.time.DateTime,com.fasterxml.jackson.datatype.joda.ser.DateTimeSerializer,com.fasterxml.jackson.datatype.joda.ser.JacksonJodaFormat (OnClassCondition)

   JacksonHttpMessageConvertersConfiguration.MappingJackson2XmlHttpMessageConverterConfiguration
      - required @ConditionalOnClass classes not found: com.fasterxml.jackson.dataformat.xml.XmlMapper (OnClassCondition)

   JerseyAutoConfiguration
      - required @ConditionalOnClass classes not found: org.glassfish.jersey.server.spring.SpringComponentProvider (OnClassCondition)

   JmsAutoConfiguration
      - required @ConditionalOnClass classes not found: org.springframework.jms.core.JmsTemplate (OnClassCondition)

   JndiConnectionFactoryAutoConfiguration
      - required @ConditionalOnClass classes not found: org.springframework.jms.core.JmsTemplate (OnClassCondition)

   JndiDataSourceAutoConfiguration
      - required @ConditionalOnClass classes not found: org.springframework.jdbc.datasource.embedded.EmbeddedDatabaseType (OnClassCondition)

   JpaRepositoriesAutoConfiguration
      - required @ConditionalOnClass classes not found: org.springframework.data.jpa.repository.JpaRepository (OnClassCondition)

   JtaAutoConfiguration
      - required @ConditionalOnClass classes not found: javax.transaction.Transaction (OnClassCondition)

   LinkedInAutoConfiguration
      - required @ConditionalOnClass classes not found: org.springframework.social.config.annotation.SocialConfigurerAdapter,org.springframework.social.linkedin.connect.LinkedInConnectionFactory (OnClassCondition)

   LiquibaseAutoConfiguration
      - required @ConditionalOnClass classes not found: liquibase.integration.spring.SpringLiquibase (OnClassCondition)

   MailSenderAutoConfiguration
      - required @ConditionalOnClass classes not found: javax.mail.internet.MimeMessage (OnClassCondition)

   MessageSourceAutoConfiguration
      - No bundle found for spring.messages.basename: messages (MessageSourceAutoConfiguration.ResourceBundleCondition)

   MongoAutoConfiguration
      - required @ConditionalOnClass classes not found: com.mongodb.Mongo (OnClassCondition)

   MongoDataAutoConfiguration
      - required @ConditionalOnClass classes not found: com.mongodb.Mongo,org.springframework.data.mongodb.core.MongoTemplate (OnClassCondition)

   MongoRepositoriesAutoConfiguration
      - required @ConditionalOnClass classes not found: com.mongodb.Mongo,org.springframework.data.mongodb.repository.MongoRepository (OnClassCondition)

   MustacheAutoConfiguration
      - required @ConditionalOnClass classes not found: com.samskivert.mustache.Mustache (OnClassCondition)

   PersistenceExceptionTranslationAutoConfiguration
      - required @ConditionalOnClass classes not found: org.springframework.dao.annotation.PersistenceExceptionTranslationPostProcessor (OnClassCondition)

   RabbitAutoConfiguration
      - required @ConditionalOnClass classes not found: org.springframework.amqp.rabbit.core.RabbitTemplate,com.rabbitmq.client.Channel (OnClassCondition)

   ReactorAutoConfiguration
      - required @ConditionalOnClass classes not found: reactor.spring.context.config.EnableReactor,reactor.core.Environment (OnClassCondition)

   RedisAutoConfiguration
      - required @ConditionalOnClass classes not found: org.springframework.data.redis.connection.jedis.JedisConnection,org.springframework.data.redis.core.RedisOperations,redis.clients.jedis.Jedis (OnClassCondition)

   RepositoryRestMvcAutoConfiguration
      - required @ConditionalOnClass classes not found: org.springframework.data.rest.webmvc.config.RepositoryRestMvcConfiguration (OnClassCondition)

   SecurityAutoConfiguration
      - required @ConditionalOnClass classes not found: org.springframework.security.authentication.AuthenticationManager,org.springframework.security.config.annotation.authentication.configurers.GlobalAuthenticationConfigurerAdapter (OnClassCondition)

   SitePreferenceAutoConfiguration
      - required @ConditionalOnClass classes not found: org.springframework.mobile.device.site.SitePreferenceHandlerInterceptor,org.springframework.mobile.device.site.SitePreferenceHandlerMethodArgumentResolver (OnClassCondition)

   SocialWebAutoConfiguration
      - required @ConditionalOnClass classes not found: org.springframework.social.connect.web.ConnectController,org.springframework.social.config.annotation.SocialConfigurerAdapter (OnClassCondition)

   SolrAutoConfiguration
      - required @ConditionalOnClass classes not found: org.apache.solr.client.solrj.impl.HttpSolrServer,org.apache.solr.client.solrj.impl.CloudSolrServer (OnClassCondition)

   SolrRepositoriesAutoConfiguration
      - required @ConditionalOnClass classes not found: org.apache.solr.client.solrj.SolrServer,org.springframework.data.solr.repository.SolrRepository (OnClassCondition)

   SpringDataWebAutoConfiguration
      - required @ConditionalOnClass classes not found: org.springframework.data.web.PageableHandlerMethodArgumentResolver (OnClassCondition)

   ThymeleafAutoConfiguration
      - required @ConditionalOnClass classes not found: org.thymeleaf.spring4.SpringTemplateEngine (OnClassCondition)

   TwitterAutoConfiguration
      - required @ConditionalOnClass classes not found: org.springframework.social.config.annotation.SocialConfigurerAdapter,org.springframework.social.twitter.connect.TwitterConnectionFactory (OnClassCondition)

   VelocityAutoConfiguration
      - required @ConditionalOnClass classes not found: org.apache.velocity.app.VelocityEngine,org.springframework.ui.velocity.VelocityEngineFactory (OnClassCondition)

   WebMvcAutoConfiguration.WebMvcAutoConfigurationAdapter#beanNameViewResolver
      - @ConditionalOnBean (types: org.springframework.web.servlet.View; SearchStrategy: all) found no beans (OnBeanCondition)

   WebMvcAutoConfiguration.WebMvcAutoConfigurationAdapter#dateFormatter
      - @ConditionalOnProperty missing required properties spring.mvc.date-format  (OnPropertyCondition)

   WebMvcAutoConfiguration.WebMvcAutoConfigurationAdapter#localeResolver
      - @ConditionalOnMissingBean (types: org.springframework.web.servlet.LocaleResolver; SearchStrategy: all) found no beans (OnBeanCondition)
      - @ConditionalOnProperty missing required properties spring.mvc.locale  (OnPropertyCondition)

   WebSocketAutoConfiguration.JettyWebSocketConfiguration
      - required @ConditionalOnClass classes not found: org.eclipse.jetty.websocket.jsr356.server.deploy.WebSocketServerContainerInitializer (OnClassCondition)

   WebSocketAutoConfiguration.UndertowWebSocketConfiguration
      - required @ConditionalOnClass classes not found: io.undertow.websockets.jsr.Bootstrap (OnClassCondition)

   XADataSourceAutoConfiguration
      - required @ConditionalOnClass classes not found: javax.transaction.TransactionManager,org.springframework.jdbc.datasource.embedded.EmbeddedDatabaseType (OnClassCondition)



2016-11-06 20:41:44.167  INFO 28186 --- [main] s.b.c.e.t.TomcatEmbeddedServletContainer : Tomcat started on port(s): 9195 (http)
2016-11-06 20:41:44.169  INFO 28186 --- [main] com.vijayrc.tools.dash.DashApp           : Started DashApp in 6.486 seconds (JVM running for 7.272)
2016-11-06 20:41:53.672  INFO 28186 --- [http-nio-9195-exec-1] o.a.c.c.C.[Tomcat].[localhost].[/dash]   : Initializing Spring FrameworkServlet 'dispatcherServlet'
2016-11-06 22:53:31.613  INFO 28186 --- [Thread-2] ationConfigEmbeddedWebApplicationContext : Closing org.springframework.boot.context.embedded.AnnotationConfigEmbeddedWebApplicationContext@65d54839: startup date [Sun Nov 06 20:41:38 EST 2016]; root of context hierarchy
